<?xml version="1.0" encoding="UTF-8" ?>
<testsuites id="2026-04-26" name="report_1" tests="10" failures="1" skipped="0" flaky="0" time="0.000">
	<testsuite id="0" name="resource_manager_test" package="test" timestamp="2026-04-27T02:32:07" hostname="localhost" tests="10" failures="1" errors="0" skipped="0" flaky="0" time="0.064">
		<testcase name="test_initial_resources" classname="resource_manager_test" time="0.006">
		</testcase>
		<testcase name="test_add_food" classname="resource_manager_test" time="0.002">
		</testcase>
		<testcase name="test_add_food_respects_max" classname="resource_manager_test" time="0.002">
		</testcase>
		<testcase name="test_remove_food" classname="resource_manager_test" time="0.005">
		</testcase>
		<testcase name="test_remove_food_fails_when_insufficient" classname="resource_manager_test" time="0.007">
		</testcase>
		<testcase name="test_has_enough_for_shelter" classname="resource_manager_test" time="0.006">
		</testcase>
		<testcase name="test_consume_shelter_cost" classname="resource_manager_test" time="0.006">
		</testcase>
		<testcase name="test_resource_state_returns_dictionary" classname="resource_manager_test" time="0.006">
		</testcase>
		<testcase name="test_reset_restores_initial_values" classname="resource_manager_test" time="0.006">
		</testcase>
		<testcase name="test_resource_percentages_are_correct" classname="resource_manager_test" time="0.006">
			<failure message="FAILED: res://test/resource_manager_test.gd:84" type="FAILURE">
<![CDATA[
Expecting:
 '6.666667'
 but was
 '6.666667'
]]>
			</failure>
		</testcase>
	</testsuite>
</testsuites>
